<?xml version="1.0" encoding="UTF-8"?>
<!-- Generated by org.testng.reporters.JUnitReportReporter -->
<testsuite hostname="DESKTOP-6ABLJG4" failures="0" tests="1" name="testcases.TC001_LoginTest" time="7.407" errors="0" timestamp="2024-02-06T19:55:46 IST" skipped="0">
  <testcase classname="testcases.TC001_LoginTest" name="LoginTest" time="7.407"/>
</testsuite> <!-- testcases.TC001_LoginTest -->
